#
# There is insufficient memory for the Java Runtime Environment to continue.
# Native memory allocation (malloc) failed to allocate 2090384 bytes for Chunk::new
# Possible reasons:
#   The system is out of physical RAM or swap space
#   In 32 bit mode, the process size limit was hit
# Possible solutions:
#   Reduce memory load on the system
#   Increase physical memory or swap space
#   Check if swap backing store is full
#   Use 64 bit Java on a 64 bit OS
#   Decrease Java heap size (-Xmx/-Xms)
#   Decrease number of Java threads
#   Decrease Java thread stack sizes (-Xss)
#   Set larger code cache with -XX:ReservedCodeCacheSize=
# This output file may be truncated or incomplete.
#
#  Out of Memory Error (allocation.cpp:390), pid=30220, tid=0x0000000000001040
#
# JRE version: Java(TM) SE Runtime Environment (8.0_144-b01) (build 1.8.0_144-b01)
# Java VM: Java HotSpot(TM) 64-Bit Server VM (25.144-b01 mixed mode windows-amd64 compressed oops)
# Failed to write core dump. Minidumps are not enabled by default on client versions of Windows
#

---------------  T H R E A D  ---------------

Current thread (0x000000001894b000):  JavaThread "C2 CompilerThread1" daemon [_thread_in_native, id=4160, stack(0x000000001a330000,0x000000001a430000)]

Stack: [0x000000001a330000,0x000000001a430000]
[error occurred during error reporting (printing stack bounds), id 0xc0000005]

Native frames: (J=compiled Java code, j=interpreted, Vv=VM code, C=native code)


Current CompileTask:
C2:   3662 2355       4       java.net.URLClassLoader$1::run (5 bytes)


---------------  P R O C E S S  ---------------

Java Threads: ( => current thread )
  0x000000001b52a800 JavaThread "pool-6-thread-1" [_thread_in_native, id=25444, stack(0x000000001d640000,0x000000001d740000)]
  0x000000001b532800 JavaThread "pool-2-thread-1" [_thread_in_native, id=18168, stack(0x000000001cf00000,0x000000001d000000)]
  0x000000001b514800 JavaThread "pool-3-thread-1" [_thread_in_native, id=8380, stack(0x000000001d0a0000,0x000000001d1a0000)]
  0x000000001b4dc000 JavaThread "pool-1-thread-4" [_thread_blocked, id=7824, stack(0x000000001c820000,0x000000001c920000)]
  0x000000001b126000 JavaThread "pool-1-thread-3" [_thread_blocked, id=12648, stack(0x000000001c4e0000,0x000000001c5e0000)]
  0x000000001b124000 JavaThread "pool-1-thread-2" [_thread_blocked, id=11728, stack(0x000000001c600000,0x000000001c700000)]
  0x000000001b121800 JavaThread "pool-1-thread-1" [_thread_blocked, id=30536, stack(0x000000001c300000,0x000000001c400000)]
  0x00000000189e1800 JavaThread "Service Thread" daemon [_thread_blocked, id=25124, stack(0x000000001a5a0000,0x000000001a6a0000)]
  0x000000001895c000 JavaThread "C1 CompilerThread3" daemon [_thread_blocked, id=12768, stack(0x0000000019f80000,0x000000001a080000)]
  0x0000000018953000 JavaThread "C2 CompilerThread2" daemon [_thread_blocked, id=19332, stack(0x000000001a1e0000,0x000000001a2e0000)]
=>0x000000001894b000 JavaThread "C2 CompilerThread1" daemon [_thread_in_native, id=4160, stack(0x000000001a330000,0x000000001a430000)]
  0x0000000018943800 JavaThread "C2 CompilerThread0" daemon [_thread_blocked, id=30208, stack(0x000000001a0a0000,0x000000001a1a0000)]
  0x0000000018942800 JavaThread "Attach Listener" daemon [_thread_blocked, id=31504, stack(0x0000000019e80000,0x0000000019f80000)]
  0x0000000018941000 JavaThread "Signal Dispatcher" daemon [_thread_blocked, id=29192, stack(0x0000000019cf0000,0x0000000019df0000)]
  0x00000000179a1800 JavaThread "Finalizer" daemon [_thread_blocked, id=31728, stack(0x0000000019b40000,0x0000000019c40000)]
  0x0000000017999800 JavaThread "Reference Handler" daemon [_thread_blocked, id=25172, stack(0x0000000019940000,0x0000000019a40000)]
  0x000000000210f800 JavaThread "main" [_thread_blocked, id=4968, stack(0x0000000002420000,0x0000000002520000)]

Other Threads:
  0x00000000188f2800 VMThread [stack: 0x0000000019840000,0x0000000019940000] [id=7908]
  0x00000000189b6800 WatcherThread [stack: 0x000000001a440000,0x000000001a540000] [id=22876]

VM state:not at safepoint (normal execution)

VM Mutex/Monitor currently owned by a thread: None

Heap:
 PSYoungGen      total 38400K, used 23382K [0x00000000d5f80000, 0x00000000d8a00000, 0x0000000100000000)
  eden space 33280K, 54% used [0x00000000d5f80000,0x00000000d71597f8,0x00000000d8000000)
  from space 5120K, 99% used [0x00000000d8000000,0x00000000d84fc010,0x00000000d8500000)
  to   space 5120K, 0% used [0x00000000d8500000,0x00000000d8500000,0x00000000d8a00000)
 ParOldGen       total 87552K, used 3702K [0x0000000081e00000, 0x0000000087380000, 0x00000000d5f80000)
  object space 87552K, 4% used [0x0000000081e00000,0x000000008219db78,0x0000000087380000)
 Metaspace       used 17470K, capacity 17876K, committed 18176K, reserved 1064960K
  class space    used 2146K, capacity 2278K, committed 2304K, reserved 1048576K

Card table byte_map: [0x0000000011bb0000,0x0000000011fb0000] byte_map_base: 0x00000000117a1000

Marking Bits: (ParMarkBitMap*) 0x00000000531fd850
 Begin Bits: [0x0000000012ca0000, 0x0000000014c28000)
 End Bits:   [0x0000000014c28000, 0x0000000016bb0000)

Polling page: 0x0000000000230000

CodeCache: size=245760Kb used=7953Kb max_used=7961Kb free=237806Kb
 bounds [0x00000000027f0000, 0x0000000002fc0000, 0x00000000117f0000]
 total_blobs=2747 nmethods=2370 adapters=289
 compilation: enabled

Compilation events (10 events):
Event: 3.510 Thread 0x000000001895c000 2367       3       java.lang.CharacterDataLatin1::digit (91 bytes)
Event: 3.510 Thread 0x000000001895c000 nmethod 2367 0x0000000002fb1790 code [0x0000000002fb1900, 0x0000000002fb1c90]
Event: 3.513 Thread 0x000000001895c000 2368       3       java.lang.Thread::interrupted (8 bytes)
Event: 3.513 Thread 0x000000001895c000 nmethod 2368 0x0000000002fb13d0 code [0x0000000002fb1540, 0x0000000002fb16c8]
Event: 3.539 Thread 0x000000001895c000 2369       3       java.lang.Class::getDeclaredMethods (18 bytes)
Event: 3.539 Thread 0x000000001895c000 nmethod 2369 0x0000000002fb0f10 code [0x0000000002fb10a0, 0x0000000002fb12d8]
Event: 3.539 Thread 0x0000000018943800 2370       4       java.util.regex.Matcher::search (109 bytes)
Event: 3.542 Thread 0x0000000018943800 nmethod 2370 0x0000000002fb0890 code [0x0000000002fb09e0, 0x0000000002fb0c78]
Event: 3.649 Thread 0x000000001895c000 2371       3       java.net.URI$Parser::checkChars (44 bytes)
Event: 3.650 Thread 0x000000001895c000 nmethod 2371 0x0000000002fb9750 code [0x0000000002fb9940, 0x0000000002fba268]

GC Heap History (6 events):
Event: 0.825 GC heap before
{Heap before GC invocations=1 (full 0):
 PSYoungGen      total 38400K, used 33280K [0x00000000d5f80000, 0x00000000d8a00000, 0x0000000100000000)
  eden space 33280K, 100% used [0x00000000d5f80000,0x00000000d8000000,0x00000000d8000000)
  from space 5120K, 0% used [0x00000000d8500000,0x00000000d8500000,0x00000000d8a00000)
  to   space 5120K, 0% used [0x00000000d8000000,0x00000000d8000000,0x00000000d8500000)
 ParOldGen       total 87552K, used 0K [0x0000000081e00000, 0x0000000087380000, 0x00000000d5f80000)
  object space 87552K, 0% used [0x0000000081e00000,0x0000000081e00000,0x0000000087380000)
 Metaspace       used 8070K, capacity 8308K, committed 8576K, reserved 1056768K
  class space    used 1029K, capacity 1086K, committed 1152K, reserved 1048576K
Event: 0.831 GC heap after
Heap after GC invocations=1 (full 0):
 PSYoungGen      total 38400K, used 5044K [0x00000000d5f80000, 0x00000000d8a00000, 0x0000000100000000)
  eden space 33280K, 0% used [0x00000000d5f80000,0x00000000d5f80000,0x00000000d8000000)
  from space 5120K, 98% used [0x00000000d8000000,0x00000000d84ed090,0x00000000d8500000)
  to   space 5120K, 0% used [0x00000000d8500000,0x00000000d8500000,0x00000000d8a00000)
 ParOldGen       total 87552K, used 16K [0x0000000081e00000, 0x0000000087380000, 0x00000000d5f80000)
  object space 87552K, 0% used [0x0000000081e00000,0x0000000081e04000,0x0000000087380000)
 Metaspace       used 8070K, capacity 8308K, committed 8576K, reserved 1056768K
  class space    used 1029K, capacity 1086K, committed 1152K, reserved 1048576K
}
Event: 1.660 GC heap before
{Heap before GC invocations=2 (full 0):
 PSYoungGen      total 38400K, used 38324K [0x00000000d5f80000, 0x00000000d8a00000, 0x0000000100000000)
  eden space 33280K, 100% used [0x00000000d5f80000,0x00000000d8000000,0x00000000d8000000)
  from space 5120K, 98% used [0x00000000d8000000,0x00000000d84ed090,0x00000000d8500000)
  to   space 5120K, 0% used [0x00000000d8500000,0x00000000d8500000,0x00000000d8a00000)
 ParOldGen       total 87552K, used 16K [0x0000000081e00000, 0x0000000087380000, 0x00000000d5f80000)
  object space 87552K, 0% used [0x0000000081e00000,0x0000000081e04000,0x0000000087380000)
 Metaspace       used 12256K, capacity 12548K, committed 12928K, reserved 1060864K
  class space    used 1505K, capacity 1579K, committed 1664K, reserved 1048576K
Event: 1.666 GC heap after
Heap after GC invocations=2 (full 0):
 PSYoungGen      total 38400K, used 5111K [0x00000000d5f80000, 0x00000000d8a00000, 0x0000000100000000)
  eden space 33280K, 0% used [0x00000000d5f80000,0x00000000d5f80000,0x00000000d8000000)
  from space 5120K, 99% used [0x00000000d8500000,0x00000000d89fdcf8,0x00000000d8a00000)
  to   space 5120K, 0% used [0x00000000d8000000,0x00000000d8000000,0x00000000d8500000)
 ParOldGen       total 87552K, used 2064K [0x0000000081e00000, 0x0000000087380000, 0x00000000d5f80000)
  object space 87552K, 2% used [0x0000000081e00000,0x00000000820041a8,0x0000000087380000)
 Metaspace       used 12256K, capacity 12548K, committed 12928K, reserved 1060864K
  class space    used 1505K, capacity 1579K, committed 1664K, reserved 1048576K
}
Event: 2.984 GC heap before
{Heap before GC invocations=3 (full 0):
 PSYoungGen      total 38400K, used 38391K [0x00000000d5f80000, 0x00000000d8a00000, 0x0000000100000000)
  eden space 33280K, 100% used [0x00000000d5f80000,0x00000000d8000000,0x00000000d8000000)
  from space 5120K, 99% used [0x00000000d8500000,0x00000000d89fdcf8,0x00000000d8a00000)
  to   space 5120K, 0% used [0x00000000d8000000,0x00000000d8000000,0x00000000d8500000)
 ParOldGen       total 87552K, used 2064K [0x0000000081e00000, 0x0000000087380000, 0x00000000d5f80000)
  object space 87552K, 2% used [0x0000000081e00000,0x00000000820041a8,0x0000000087380000)
 Metaspace       used 15823K, capacity 16264K, committed 16384K, reserved 1062912K
  class space    used 1900K, capacity 2045K, committed 2048K, reserved 1048576K
Event: 2.989 GC heap after
Heap after GC invocations=3 (full 0):
 PSYoungGen      total 38400K, used 5104K [0x00000000d5f80000, 0x00000000d8a00000, 0x0000000100000000)
  eden space 33280K, 0% used [0x00000000d5f80000,0x00000000d5f80000,0x00000000d8000000)
  from space 5120K, 99% used [0x00000000d8000000,0x00000000d84fc010,0x00000000d8500000)
  to   space 5120K, 0% used [0x00000000d8500000,0x00000000d8500000,0x00000000d8a00000)
 ParOldGen       total 87552K, used 3702K [0x0000000081e00000, 0x0000000087380000, 0x00000000d5f80000)
  object space 87552K, 4% used [0x0000000081e00000,0x000000008219db78,0x0000000087380000)
 Metaspace       used 15823K, capacity 16264K, committed 16384K, reserved 1062912K
  class space    used 1900K, capacity 2045K, committed 2048K, reserved 1048576K
}

Deoptimization events (10 events):
Event: 3.021 Thread 0x000000001b124000 Uncommon trap: reason=class_check action=maybe_recompile pc=0x0000000002dd27d0 method=java.util.AbstractList$Itr.hasNext()Z @ 8
Event: 3.021 Thread 0x000000001b124000 Uncommon trap: reason=class_check action=maybe_recompile pc=0x0000000002df3484 method=java.util.AbstractList$Itr.next()Ljava/lang/Object; @ 14
Event: 3.118 Thread 0x000000001b124000 Uncommon trap: reason=class_check action=maybe_recompile pc=0x0000000002dd577c method=java.util.Hashtable.get(Ljava/lang/Object;)Ljava/lang/Object; @ 6
Event: 3.177 Thread 0x000000001b532800 Uncommon trap: reason=class_check action=maybe_recompile pc=0x0000000002dd27d0 method=java.util.AbstractList$Itr.hasNext()Z @ 8
Event: 3.177 Thread 0x000000001b532800 Uncommon trap: reason=class_check action=maybe_recompile pc=0x0000000002df3484 method=java.util.AbstractList$Itr.next()Ljava/lang/Object; @ 14
Event: 3.223 Thread 0x000000001b532800 Uncommon trap: reason=predicate action=maybe_recompile pc=0x0000000002b18730 method=sun.net.www.ParseUtil.encodePath(Ljava/lang/String;Z)Ljava/lang/String; @ 36
Event: 3.223 Thread 0x000000001b514800 Uncommon trap: reason=predicate action=maybe_recompile pc=0x0000000002b18730 method=sun.net.www.ParseUtil.encodePath(Ljava/lang/String;Z)Ljava/lang/String; @ 36
Event: 3.488 Thread 0x000000001b52a000 Uncommon trap: reason=unstable_if action=reinterpret pc=0x0000000002d2617c method=java.util.ArrayList.remove(I)Ljava/lang/Object; @ 31
Event: 3.498 Thread 0x000000001b52a000 Uncommon trap: reason=unstable_if action=reinterpret pc=0x0000000002ec716c method=java.lang.CharacterDataLatin1.digit(II)I @ 60
Event: 3.508 Thread 0x000000001b52a000 Uncommon trap: reason=unstable_if action=reinterpret pc=0x0000000002ec95e4 method=java.lang.CharacterDataLatin1.digit(II)I @ 60

Internal exceptions (10 events):
Event: 0.833 Thread 0x000000000210f800 Exception <a 'java/lang/NoClassDefFoundError': org/slf4j/LoggerFactory> (0x00000000d5fa4fd0) thrown at [C:\re\workspace\8-2-build-windows-amd64-cygwin\jdk8u144\9417\hotspot\src\share\vm\classfile\systemDictionary.cpp, line 199]
Event: 0.833 Thread 0x000000000210f800 Exception <a 'java/lang/NoClassDefFoundError'> (0x00000000d5fa4fd0) thrown at [C:\re\workspace\8-2-build-windows-amd64-cygwin\jdk8u144\9417\hotspot\src\share\vm\oops\instanceKlass.cpp, line 964]
Event: 1.041 Thread 0x000000000210f800 Implicit null exception at 0x00000000029c469b to 0x00000000029c484d
Event: 1.417 Thread 0x000000000210f800 Implicit null exception at 0x0000000002bdadd5 to 0x0000000002bdafad
Event: 1.417 Thread 0x000000000210f800 Implicit null exception at 0x0000000002a976af to 0x0000000002a97719
Event: 1.499 Thread 0x000000000210f800 Implicit null exception at 0x0000000002cbbb1d to 0x0000000002cbccd1
Event: 2.760 Thread 0x000000001b124000 Exception <a 'java/lang/NoClassDefFoundError': org/apache/log4j/Category> (0x00000000d7b3bff0) thrown at [C:\re\workspace\8-2-build-windows-amd64-cygwin\jdk8u144\9417\hotspot\src\share\vm\classfile\systemDictionary.cpp, line 199]
Event: 2.954 Thread 0x000000001b124000 Exception <a 'java/lang/NoSuchFieldError': method resolution failed> (0x00000000d7eae8d0) thrown at [C:\re\workspace\8-2-build-windows-amd64-cygwin\jdk8u144\9417\hotspot\src\share\vm\prims\methodHandles.cpp, line 1146]
Event: 2.955 Thread 0x000000001b124000 Exception <a 'java/lang/NoSuchFieldError': method resolution failed> (0x00000000d7ebc730) thrown at [C:\re\workspace\8-2-build-windows-amd64-cygwin\jdk8u144\9417\hotspot\src\share\vm\prims\methodHandles.cpp, line 1146]
Event: 3.512 Thread 0x000000001b52a000 Exception <a 'java/net/SocketTimeoutException': Read timed out> (0x00000000d7069f10) thrown at [C:\re\workspace\8-2-build-windows-amd64-cygwin\jdk8u144\9417\hotspot\src\share\vm\prims\jni.cpp, line 735]

Events (10 events):
Event: 3.631 loading class org/sonatype/aether/util/ChecksumUtils done
Event: 3.635 loading class java/text/DigitList$1
Event: 3.635 loading class java/text/DigitList$1 done
Event: 3.635 loading class java/text/NumberFormat$Field
Event: 3.641 loading class javax/net/DefaultSocketFactory
Event: 3.649 loading class javax/net/DefaultSocketFactory done
Event: 3.649 loading class java/text/NumberFormat$Field done
Event: 3.649 loading class org/sonatype/aether/repository/LocalMetadataRegistration
Event: 3.649 loading class org/sonatype/aether/repository/LocalMetadataRegistration done
Event: 3.649 Thread 0x000000001b52a000 Thread exited: 0x000000001b52a000


Dynamic libraries:
0x000000013f440000 - 0x000000013f477000 	C:\Program Files\Java\jdk1.8.0_144\bin\java.exe
0x0000000076e70000 - 0x000000007701a000 	C:\Windows\SYSTEM32\ntdll.dll
0x0000000076d50000 - 0x0000000076e6f000 	C:\Windows\system32\kernel32.dll
0x000007fefccc0000 - 0x000007fefcd2a000 	C:\Windows\system32\KERNELBASE.dll
0x000007fefd7c0000 - 0x000007fefd89b000 	C:\Windows\system32\ADVAPI32.dll
0x000007fefd6f0000 - 0x000007fefd78f000 	C:\Windows\system32\msvcrt.dll
0x000007fefd6b0000 - 0x000007fefd6cf000 	C:\Windows\SYSTEM32\sechost.dll
0x000007fefd4e0000 - 0x000007fefd60d000 	C:\Windows\system32\RPCRT4.dll
0x0000000076c50000 - 0x0000000076d4a000 	C:\Windows\system32\USER32.dll
0x000007fefdb90000 - 0x000007fefdbf7000 	C:\Windows\system32\GDI32.dll
0x000007fefd4d0000 - 0x000007fefd4de000 	C:\Windows\system32\LPK.dll
0x000007fefcfe0000 - 0x000007fefd0aa000 	C:\Windows\system32\USP10.dll
0x000007fefa660000 - 0x000007fefa854000 	C:\Windows\WinSxS\amd64_microsoft.windows.common-controls_6595b64144ccf1df_6.0.7601.18837_none_fa3b1e3d17594757\COMCTL32.dll
0x000007feff100000 - 0x000007feff171000 	C:\Windows\system32\SHLWAPI.dll
0x000007fefd790000 - 0x000007fefd7be000 	C:\Windows\system32\IMM32.DLL
0x000007fefdde0000 - 0x000007fefdee9000 	C:\Windows\system32\MSCTF.dll
0x0000000072060000 - 0x0000000072132000 	C:\Program Files\Java\jdk1.8.0_144\jre\bin\msvcr100.dll
0x00000000529e0000 - 0x000000005327d000 	C:\Program Files\Java\jdk1.8.0_144\jre\bin\server\jvm.dll
0x000007feec470000 - 0x000007feec479000 	C:\Windows\system32\WSOCK32.dll
0x000007fefd420000 - 0x000007fefd46d000 	C:\Windows\system32\WS2_32.dll
0x000007fefdef0000 - 0x000007fefdef8000 	C:\Windows\system32\NSI.dll
0x000007fefaa80000 - 0x000007fefaabb000 	C:\Windows\system32\WINMM.dll
0x000007fefc2b0000 - 0x000007fefc2bc000 	C:\Windows\system32\VERSION.dll
0x0000000077030000 - 0x0000000077037000 	C:\Windows\system32\PSAPI.DLL
0x0000000072930000 - 0x000000007293f000 	C:\Program Files\Java\jdk1.8.0_144\jre\bin\verify.dll
0x0000000071920000 - 0x0000000071949000 	C:\Program Files\Java\jdk1.8.0_144\jre\bin\java.dll
0x0000000072170000 - 0x0000000072186000 	C:\Program Files\Java\jdk1.8.0_144\jre\bin\zip.dll
0x000007fefe090000 - 0x000007fefee1a000 	C:\Windows\system32\SHELL32.dll
0x000007fefd980000 - 0x000007fefdb83000 	C:\Windows\system32\ole32.dll
0x000007fefcba0000 - 0x000007fefcbaf000 	C:\Windows\system32\profapi.dll
0x000007fefc9a0000 - 0x000007fefc9f7000 	C:\Windows\system32\apphelp.dll
0x0000000071d60000 - 0x0000000071d7a000 	C:\Program Files\Java\jdk1.8.0_144\jre\bin\net.dll
0x000007fefc340000 - 0x000007fefc395000 	C:\Windows\system32\mswsock.dll
0x000007fefc330000 - 0x000007fefc337000 	C:\Windows\System32\wship6.dll
0x0000000071810000 - 0x0000000071821000 	C:\Program Files\Java\jdk1.8.0_144\jre\bin\nio.dll
0x0000000071880000 - 0x00000000718a4000 	C:\Program Files\Java\jdk1.8.0_144\jre\bin\sunec.dll
0x000007fefb0b0000 - 0x000007fefb0d7000 	C:\Windows\system32\IPHLPAPI.DLL
0x000007fefb010000 - 0x000007fefb01b000 	C:\Windows\system32\WINNSI.DLL
0x000007fef8a60000 - 0x000007fef8a71000 	C:\Windows\system32\dhcpcsvc6.DLL
0x000007fef9be0000 - 0x000007fef9bf8000 	C:\Windows\system32\dhcpcsvc.DLL
0x000007fefc620000 - 0x000007fefc638000 	C:\Windows\system32\CRYPTSP.dll
0x000007fefc0c0000 - 0x000007fefc107000 	C:\Windows\system32\rsaenh.dll
0x000007fefcbd0000 - 0x000007fefcbee000 	C:\Windows\system32\USERENV.dll
0x000007fefca00000 - 0x000007fefca0f000 	C:\Windows\system32\CRYPTBASE.dll
0x000007fefabb0000 - 0x000007fefabb7000 	C:\Windows\System32\wshtcpip.dll
0x000007fefc1a0000 - 0x000007fefc1fb000 	C:\Windows\system32\DNSAPI.dll
0x000007fef8020000 - 0x000007fef8028000 	C:\Windows\system32\rasadhlp.dll
0x000007fef8ba0000 - 0x000007fef8bf3000 	C:\Windows\System32\fwpuclnt.dll

VM Arguments:
jvm_args: -Dclassworlds.conf=C:\Program Files\NetBeans 8.2\java\maven\bin\m2.conf -Dmaven.home=C:\Program Files\NetBeans 8.2\java\maven 
java_command: org.codehaus.plexus.classworlds.launcher.Launcher -Dmaven.ext.class.path=C:\Program Files\NetBeans 8.2\java\maven-nblib\netbeans-eventspy.jar -Dfile.encoding=UTF-8 clean install
java_class_path (initial): C:\Program Files\NetBeans 8.2\java\maven\boot\plexus-classworlds-2.4.jar
Launcher Type: SUN_STANDARD

Environment Variables:
JAVA_HOME=C:\Program Files\Java\jdk1.8.0_144
PATH=C:\oraclexe\app\oracle\product\11.2.0\server\bin;C:\ProgramData\Oracle\Java\javapath;c:\app\product\11.2.0\client_1\bin;D:\app\proyectos6\product\12.1.0\client_2;D:\app\proyectos6\product\11.2.0\client_1;C:\Ora92\bin;C:\Program Files (x86)\Oracle\jre\1.3.1\bin;C:\Program Files (x86)\Oracle\jre\1.1.8\bin;C:\Windows\system32;C:\Windows;C:\Windows\System32\Wbem;C:\Windows\System32\WindowsPowerShell\v1.0\;C:\Program Files (x86)\Hewlett-Packard\HP ProtectTools Security Manager\Bin\;C:\Program Files (x86)\Windows Kits\8.1\Windows Performance Toolkit\;C:\Program Files\Microsoft SQL Server\110\Tools\Binn\;D:\JAVA\APP\apache-maven-3.5.0-bin\apache-maven-3.5.0\bin
USERNAME=vdiaz
OS=Windows_NT
PROCESSOR_IDENTIFIER=Intel64 Family 6 Model 58 Stepping 9, GenuineIntel



---------------  S Y S T E M  ---------------

OS: Windows 7 , 64 bit Build 7601 (6.1.7601.23572)

CPU:total 8 (initial active 8) (4 cores per cpu, 2 threads per core) family 6 model 58 stepping 9, cmov, cx8, fxsr, mmx, sse, sse2, sse3, ssse3, sse4.1, sse4.2, popcnt, avx, aes, clmul, erms, ht, tsc, tscinvbit, tscinv

Memory: 4k page, physical 8259612k(1039328k free), swap 33036588k(6928k free)

vm_info: Java HotSpot(TM) 64-Bit Server VM (25.144-b01) for windows-amd64 JRE (1.8.0_144-b01), built on Jul 21 2017 21:57:33 by "java_re" with MS VC++ 10.0 (VS2010)

time: Sun Jan 28 08:49:32 2018
elapsed time: 3 seconds (0d 0h 0m 3s)

