#
# There is insufficient memory for the Java Runtime Environment to continue.
# Native memory allocation (malloc) failed to allocate 32744 bytes for ChunkPool::allocate
# Possible reasons:
#   The system is out of physical RAM or swap space
#   In 32 bit mode, the process size limit was hit
# Possible solutions:
#   Reduce memory load on the system
#   Increase physical memory or swap space
#   Check if swap backing store is full
#   Use 64 bit Java on a 64 bit OS
#   Decrease Java heap size (-Xmx/-Xms)
#   Decrease number of Java threads
#   Decrease Java thread stack sizes (-Xss)
#   Set larger code cache with -XX:ReservedCodeCacheSize=
# This output file may be truncated or incomplete.
#
#  Out of Memory Error (allocation.cpp:273), pid=26992, tid=0x0000000000005b98
#
# JRE version: Java(TM) SE Runtime Environment (8.0_144-b01) (build 1.8.0_144-b01)
# Java VM: Java HotSpot(TM) 64-Bit Server VM (25.144-b01 mixed mode windows-amd64 compressed oops)
# Failed to write core dump. Minidumps are not enabled by default on client versions of Windows
#

---------------  T H R E A D  ---------------

Current thread (0x00000000179ad000):  JavaThread "C2 CompilerThread2" daemon [_thread_in_native, id=23448, stack(0x000000001a570000,0x000000001a670000)]

Stack: [0x000000001a570000,0x000000001a670000]
[error occurred during error reporting (printing stack bounds), id 0xc0000005]

Native frames: (J=compiled Java code, j=interpreted, Vv=VM code, C=native code)


Current CompileTask:
C2:   3272 2366       4       java.net.URLClassLoader$1::run (5 bytes)


---------------  P R O C E S S  ---------------

Java Threads: ( => current thread )
  0x000000001ac71000 JavaThread "pool-4-thread-1" [_thread_in_native, id=23928, stack(0x000000001d370000,0x000000001d470000)]
  0x000000001ac70800 JavaThread "pool-3-thread-1" [_thread_in_native, id=28552, stack(0x000000001d130000,0x000000001d230000)]
  0x000000001ac6f800 JavaThread "pool-5-thread-1" [_thread_in_native, id=11224, stack(0x000000001a2e0000,0x000000001a3e0000)]
  0x000000001ac6f000 JavaThread "pool-2-thread-1" [_thread_in_native, id=5580, stack(0x000000001c9b0000,0x000000001cab0000)]
  0x000000001b3b6800 JavaThread "pool-1-thread-4" [_thread_blocked, id=20676, stack(0x000000001cae0000,0x000000001cbe0000)]
  0x000000001b3b5800 JavaThread "pool-1-thread-3" [_thread_blocked, id=32320, stack(0x000000001c790000,0x000000001c890000)]
  0x000000001b3b5000 JavaThread "pool-1-thread-2" [_thread_blocked, id=25960, stack(0x000000001c8a0000,0x000000001c9a0000)]
  0x000000001b3b0000 JavaThread "pool-1-thread-1" [_thread_blocked, id=34340, stack(0x000000001a0d0000,0x000000001a1d0000)]
  0x0000000018af0000 JavaThread "Service Thread" daemon [_thread_blocked, id=27764, stack(0x000000001a780000,0x000000001a880000)]
  0x00000000179ae000 JavaThread "C1 CompilerThread3" daemon [_thread_blocked, id=31516, stack(0x0000000019960000,0x0000000019a60000)]
=>0x00000000179ad000 JavaThread "C2 CompilerThread2" daemon [_thread_in_native, id=23448, stack(0x000000001a570000,0x000000001a670000)]
  0x0000000018a5f000 JavaThread "C2 CompilerThread1" daemon [_thread_blocked, id=12228, stack(0x000000001a3e0000,0x000000001a4e0000)]
  0x0000000018a57800 JavaThread "C2 CompilerThread0" daemon [_thread_blocked, id=13304, stack(0x000000001a1d0000,0x000000001a2d0000)]
  0x0000000018a56800 JavaThread "Attach Listener" daemon [_thread_blocked, id=22004, stack(0x0000000019f80000,0x000000001a080000)]
  0x0000000018a55800 JavaThread "Signal Dispatcher" daemon [_thread_blocked, id=10696, stack(0x0000000019bf0000,0x0000000019cf0000)]
  0x00000000179a2800 JavaThread "Finalizer" daemon [_thread_blocked, id=18736, stack(0x0000000019e70000,0x0000000019f70000)]
  0x0000000018a03800 JavaThread "Reference Handler" daemon [_thread_blocked, id=11352, stack(0x0000000019d20000,0x0000000019e20000)]
  0x000000000229f800 JavaThread "main" [_thread_blocked, id=27676, stack(0x00000000022b0000,0x00000000023b0000)]

Other Threads:
  0x0000000018a02000 VMThread [stack: 0x0000000019a70000,0x0000000019b70000] [id=8204]
  0x0000000018ab6000 WatcherThread [stack: 0x000000001a930000,0x000000001aa30000] [id=12644]

VM state:not at safepoint (normal execution)

VM Mutex/Monitor currently owned by a thread: None

Heap:
 PSYoungGen      total 38400K, used 24020K [0x00000000d5f80000, 0x00000000d8a00000, 0x0000000100000000)
  eden space 33280K, 56% used [0x00000000d5f80000,0x00000000d71f9248,0x00000000d8000000)
  from space 5120K, 99% used [0x00000000d8000000,0x00000000d84fc010,0x00000000d8500000)
  to   space 5120K, 0% used [0x00000000d8500000,0x00000000d8500000,0x00000000d8a00000)
 ParOldGen       total 87552K, used 3174K [0x0000000081e00000, 0x0000000087380000, 0x00000000d5f80000)
  object space 87552K, 3% used [0x0000000081e00000,0x0000000082119be8,0x0000000087380000)
 Metaspace       used 17201K, capacity 17658K, committed 17920K, reserved 1064960K
  class space    used 2111K, capacity 2247K, committed 2304K, reserved 1048576K

Card table byte_map: [0x0000000011ae0000,0x0000000011ee0000] byte_map_base: 0x00000000116d1000

Marking Bits: (ParMarkBitMap*) 0x00000000531fd850
 Begin Bits: [0x0000000012ca0000, 0x0000000014c28000)
 End Bits:   [0x0000000014c28000, 0x0000000016bb0000)

Polling page: 0x0000000000330000

CodeCache: size=245760Kb used=7914Kb max_used=7924Kb free=237845Kb
 bounds [0x0000000002720000, 0x0000000002ef0000, 0x0000000011720000]
 total_blobs=2747 nmethods=2371 adapters=288
 compilation: enabled

Compilation events (10 events):
Event: 3.089 Thread 0x00000000179ae000 2368       3       org.apache.maven.wagon.providers.http.httpclient.util.Args::notNull (33 bytes)
Event: 3.089 Thread 0x00000000179ae000 nmethod 2368 0x0000000002ed9350 code [0x0000000002ed9520, 0x0000000002ed9d18]
Event: 3.089 Thread 0x00000000179ae000 2370       3       java.util.concurrent.ConcurrentHashMap::put (8 bytes)
Event: 3.089 Thread 0x00000000179ae000 nmethod 2370 0x0000000002ed8f50 code [0x0000000002ed90c0, 0x0000000002ed92c8]
Event: 3.089 Thread 0x00000000179ae000 2369       1       org.apache.maven.wagon.providers.http.httpclient.message.BasicHeader::getName (5 bytes)
Event: 3.089 Thread 0x00000000179ae000 nmethod 2369 0x0000000002ed8c90 code [0x0000000002ed8de0, 0x0000000002ed8ef0]
Event: 3.093 Thread 0x0000000018a5f000 2371   !   4       java.util.zip.ZipFile$ZipFileInputStream::close (110 bytes)
Event: 3.100 Thread 0x0000000018a5f000 nmethod 2371 0x0000000002edf990 code [0x0000000002edfb20, 0x0000000002ee0748]
Event: 3.105 Thread 0x00000000179ae000 2372   !   3       java.util.logging.LogManager::ensureLogManagerInitialized (128 bytes)
Event: 3.106 Thread 0x00000000179ae000 nmethod 2372 0x0000000002edef50 code [0x0000000002edf100, 0x0000000002edf788]

GC Heap History (6 events):
Event: 0.685 GC heap before
{Heap before GC invocations=1 (full 0):
 PSYoungGen      total 38400K, used 33280K [0x00000000d5f80000, 0x00000000d8a00000, 0x0000000100000000)
  eden space 33280K, 100% used [0x00000000d5f80000,0x00000000d8000000,0x00000000d8000000)
  from space 5120K, 0% used [0x00000000d8500000,0x00000000d8500000,0x00000000d8a00000)
  to   space 5120K, 0% used [0x00000000d8000000,0x00000000d8000000,0x00000000d8500000)
 ParOldGen       total 87552K, used 0K [0x0000000081e00000, 0x0000000087380000, 0x00000000d5f80000)
  object space 87552K, 0% used [0x0000000081e00000,0x0000000081e00000,0x0000000087380000)
 Metaspace       used 8013K, capacity 8244K, committed 8320K, reserved 1056768K
  class space    used 1021K, capacity 1086K, committed 1152K, reserved 1048576K
Event: 0.689 GC heap after
Heap after GC invocations=1 (full 0):
 PSYoungGen      total 38400K, used 4940K [0x00000000d5f80000, 0x00000000d8a00000, 0x0000000100000000)
  eden space 33280K, 0% used [0x00000000d5f80000,0x00000000d5f80000,0x00000000d8000000)
  from space 5120K, 96% used [0x00000000d8000000,0x00000000d84d3120,0x00000000d8500000)
  to   space 5120K, 0% used [0x00000000d8500000,0x00000000d8500000,0x00000000d8a00000)
 ParOldGen       total 87552K, used 16K [0x0000000081e00000, 0x0000000087380000, 0x00000000d5f80000)
  object space 87552K, 0% used [0x0000000081e00000,0x0000000081e04000,0x0000000087380000)
 Metaspace       used 8013K, capacity 8244K, committed 8320K, reserved 1056768K
  class space    used 1021K, capacity 1086K, committed 1152K, reserved 1048576K
}
Event: 1.461 GC heap before
{Heap before GC invocations=2 (full 0):
 PSYoungGen      total 38400K, used 38220K [0x00000000d5f80000, 0x00000000d8a00000, 0x0000000100000000)
  eden space 33280K, 100% used [0x00000000d5f80000,0x00000000d8000000,0x00000000d8000000)
  from space 5120K, 96% used [0x00000000d8000000,0x00000000d84d3120,0x00000000d8500000)
  to   space 5120K, 0% used [0x00000000d8500000,0x00000000d8500000,0x00000000d8a00000)
 ParOldGen       total 87552K, used 16K [0x0000000081e00000, 0x0000000087380000, 0x00000000d5f80000)
  object space 87552K, 0% used [0x0000000081e00000,0x0000000081e04000,0x0000000087380000)
 Metaspace       used 12239K, capacity 12486K, committed 12672K, reserved 1060864K
  class space    used 1506K, capacity 1581K, committed 1664K, reserved 1048576K
Event: 1.469 GC heap after
Heap after GC invocations=2 (full 0):
 PSYoungGen      total 38400K, used 5116K [0x00000000d5f80000, 0x00000000d8a00000, 0x0000000100000000)
  eden space 33280K, 0% used [0x00000000d5f80000,0x00000000d5f80000,0x00000000d8000000)
  from space 5120K, 99% used [0x00000000d8500000,0x00000000d89ff160,0x00000000d8a00000)
  to   space 5120K, 0% used [0x00000000d8000000,0x00000000d8000000,0x00000000d8500000)
 ParOldGen       total 87552K, used 2076K [0x0000000081e00000, 0x0000000087380000, 0x00000000d5f80000)
  object space 87552K, 2% used [0x0000000081e00000,0x0000000082007310,0x0000000087380000)
 Metaspace       used 12239K, capacity 12486K, committed 12672K, reserved 1060864K
  class space    used 1506K, capacity 1581K, committed 1664K, reserved 1048576K
}
Event: 2.829 GC heap before
{Heap before GC invocations=3 (full 0):
 PSYoungGen      total 38400K, used 38396K [0x00000000d5f80000, 0x00000000d8a00000, 0x0000000100000000)
  eden space 33280K, 100% used [0x00000000d5f80000,0x00000000d8000000,0x00000000d8000000)
  from space 5120K, 99% used [0x00000000d8500000,0x00000000d89ff160,0x00000000d8a00000)
  to   space 5120K, 0% used [0x00000000d8000000,0x00000000d8000000,0x00000000d8500000)
 ParOldGen       total 87552K, used 2076K [0x0000000081e00000, 0x0000000087380000, 0x00000000d5f80000)
  object space 87552K, 2% used [0x0000000081e00000,0x0000000082007310,0x0000000087380000)
 Metaspace       used 14766K, capacity 15048K, committed 15232K, reserved 1062912K
  class space    used 1779K, capacity 1878K, committed 1920K, reserved 1048576K
Event: 2.835 GC heap after
Heap after GC invocations=3 (full 0):
 PSYoungGen      total 38400K, used 5104K [0x00000000d5f80000, 0x00000000d8a00000, 0x0000000100000000)
  eden space 33280K, 0% used [0x00000000d5f80000,0x00000000d5f80000,0x00000000d8000000)
  from space 5120K, 99% used [0x00000000d8000000,0x00000000d84fc010,0x00000000d8500000)
  to   space 5120K, 0% used [0x00000000d8500000,0x00000000d8500000,0x00000000d8a00000)
 ParOldGen       total 87552K, used 3174K [0x0000000081e00000, 0x0000000087380000, 0x00000000d5f80000)
  object space 87552K, 3% used [0x0000000081e00000,0x0000000082119be8,0x0000000087380000)
 Metaspace       used 14766K, capacity 15048K, committed 15232K, reserved 1062912K
  class space    used 1779K, capacity 1878K, committed 1920K, reserved 1048576K
}

Deoptimization events (10 events):
Event: 2.853 Thread 0x000000001b3b6800 Uncommon trap: reason=bimorphic action=maybe_recompile pc=0x0000000002bb55ec method=java.util.concurrent.ConcurrentHashMap.get(Ljava/lang/Object;)Ljava/lang/Object; @ 149
Event: 2.854 Thread 0x000000001b3b6800 Uncommon trap: reason=bimorphic action=maybe_recompile pc=0x0000000002bb55ec method=java.util.concurrent.ConcurrentHashMap.get(Ljava/lang/Object;)Ljava/lang/Object; @ 149
Event: 2.855 Thread 0x000000001b3b6800 Uncommon trap: reason=bimorphic action=maybe_recompile pc=0x0000000002bb55ec method=java.util.concurrent.ConcurrentHashMap.get(Ljava/lang/Object;)Ljava/lang/Object; @ 149
Event: 2.931 Thread 0x000000001b3b6800 Uncommon trap: reason=class_check action=maybe_recompile pc=0x0000000002cf5010 method=java.util.AbstractList$Itr.hasNext()Z @ 8
Event: 2.931 Thread 0x000000001b3b6800 Uncommon trap: reason=class_check action=maybe_recompile pc=0x0000000002d23704 method=java.util.AbstractList$Itr.next()Ljava/lang/Object; @ 14
Event: 3.020 Thread 0x000000001b3b6800 Uncommon trap: reason=class_check action=maybe_recompile pc=0x0000000002cf40bc method=java.util.Hashtable.get(Ljava/lang/Object;)Ljava/lang/Object; @ 6
Event: 3.075 Thread 0x000000001ac6f000 Uncommon trap: reason=class_check action=maybe_recompile pc=0x0000000002cf5010 method=java.util.AbstractList$Itr.hasNext()Z @ 8
Event: 3.075 Thread 0x000000001ac6f000 Uncommon trap: reason=class_check action=maybe_recompile pc=0x0000000002d23704 method=java.util.AbstractList$Itr.next()Ljava/lang/Object; @ 14
Event: 3.114 Thread 0x000000001ac70800 Uncommon trap: reason=predicate action=maybe_recompile pc=0x0000000002a42130 method=sun.net.www.ParseUtil.encodePath(Ljava/lang/String;Z)Ljava/lang/String; @ 36
Event: 3.114 Thread 0x000000001ac6f000 Uncommon trap: reason=predicate action=maybe_recompile pc=0x0000000002a42130 method=sun.net.www.ParseUtil.encodePath(Ljava/lang/String;Z)Ljava/lang/String; @ 36

Internal exceptions (10 events):
Event: 0.655 Thread 0x000000000229f800 Exception <a 'java/lang/NoClassDefFoundError': org/slf4j/Logger> (0x00000000d7dc8b00) thrown at [C:\re\workspace\8-2-build-windows-amd64-cygwin\jdk8u144\9417\hotspot\src\share\vm\classfile\systemDictionary.cpp, line 199]
Event: 0.696 Thread 0x000000000229f800 Exception <a 'java/lang/NoClassDefFoundError': org/slf4j/LoggerFactory> (0x00000000d6003678) thrown at [C:\re\workspace\8-2-build-windows-amd64-cygwin\jdk8u144\9417\hotspot\src\share\vm\classfile\systemDictionary.cpp, line 199]
Event: 0.696 Thread 0x000000000229f800 Exception <a 'java/lang/NoClassDefFoundError'> (0x00000000d6003678) thrown at [C:\re\workspace\8-2-build-windows-amd64-cygwin\jdk8u144\9417\hotspot\src\share\vm\oops\instanceKlass.cpp, line 964]
Event: 0.890 Thread 0x000000000229f800 Implicit null exception at 0x00000000028f5e5b to 0x00000000028f600d
Event: 1.285 Thread 0x000000000229f800 Implicit null exception at 0x0000000002af4615 to 0x0000000002af47ed
Event: 1.285 Thread 0x000000000229f800 Implicit null exception at 0x0000000002a14daf to 0x0000000002a14e19
Event: 1.369 Thread 0x000000000229f800 Implicit null exception at 0x0000000002bd9add to 0x0000000002bdaca1
Event: 2.652 Thread 0x000000001b3b6800 Exception <a 'java/lang/NoClassDefFoundError': org/apache/log4j/Category> (0x00000000d7dec8b8) thrown at [C:\re\workspace\8-2-build-windows-amd64-cygwin\jdk8u144\9417\hotspot\src\share\vm\classfile\systemDictionary.cpp, line 199]
Event: 2.873 Thread 0x000000001b3b6800 Exception <a 'java/lang/NoSuchFieldError': method resolution failed> (0x00000000d6101f28) thrown at [C:\re\workspace\8-2-build-windows-amd64-cygwin\jdk8u144\9417\hotspot\src\share\vm\prims\methodHandles.cpp, line 1146]
Event: 2.875 Thread 0x000000001b3b6800 Exception <a 'java/lang/NoSuchFieldError': method resolution failed> (0x00000000d610fd88) thrown at [C:\re\workspace\8-2-build-windows-amd64-cygwin\jdk8u144\9417\hotspot\src\share\vm\prims\methodHandles.cpp, line 1146]

Events (10 events):
Event: 3.119 Executing VM operation: Deoptimize
Event: 3.119 Executing VM operation: Deoptimize done
Event: 3.120 loading class java/net/Socket$3
Event: 3.120 loading class java/net/Socket$3 done
Event: 3.120 loading class java/net/SocketOutputStream
Event: 3.120 loading class java/net/SocketOutputStream done
Event: 3.120 loading class org/apache/maven/wagon/providers/http/httpclient/message/BasicListHeaderIterator
Event: 3.120 loading class org/apache/maven/wagon/providers/http/httpclient/message/BasicListHeaderIterator done
Event: 3.120 loading class org/apache/maven/wagon/providers/http/httpclient/FormattedHeader
Event: 3.120 loading class org/apache/maven/wagon/providers/http/httpclient/FormattedHeader done


Dynamic libraries:
0x000000013f7a0000 - 0x000000013f7d7000 	C:\Program Files\Java\jdk1.8.0_144\bin\java.exe
0x0000000076e70000 - 0x000000007701a000 	C:\Windows\SYSTEM32\ntdll.dll
0x0000000076d50000 - 0x0000000076e6f000 	C:\Windows\system32\kernel32.dll
0x000007fefccc0000 - 0x000007fefcd2a000 	C:\Windows\system32\KERNELBASE.dll
0x000007fefd7c0000 - 0x000007fefd89b000 	C:\Windows\system32\ADVAPI32.dll
0x000007fefd6f0000 - 0x000007fefd78f000 	C:\Windows\system32\msvcrt.dll
0x000007fefd6b0000 - 0x000007fefd6cf000 	C:\Windows\SYSTEM32\sechost.dll
0x000007fefd4e0000 - 0x000007fefd60d000 	C:\Windows\system32\RPCRT4.dll
0x0000000076c50000 - 0x0000000076d4a000 	C:\Windows\system32\USER32.dll
0x000007fefdb90000 - 0x000007fefdbf7000 	C:\Windows\system32\GDI32.dll
0x000007fefd4d0000 - 0x000007fefd4de000 	C:\Windows\system32\LPK.dll
0x000007fefcfe0000 - 0x000007fefd0aa000 	C:\Windows\system32\USP10.dll
0x000007fefa660000 - 0x000007fefa854000 	C:\Windows\WinSxS\amd64_microsoft.windows.common-controls_6595b64144ccf1df_6.0.7601.18837_none_fa3b1e3d17594757\COMCTL32.dll
0x000007feff100000 - 0x000007feff171000 	C:\Windows\system32\SHLWAPI.dll
0x000007fefd790000 - 0x000007fefd7be000 	C:\Windows\system32\IMM32.DLL
0x000007fefdde0000 - 0x000007fefdee9000 	C:\Windows\system32\MSCTF.dll
0x0000000072060000 - 0x0000000072132000 	C:\Program Files\Java\jdk1.8.0_144\jre\bin\msvcr100.dll
0x00000000529e0000 - 0x000000005327d000 	C:\Program Files\Java\jdk1.8.0_144\jre\bin\server\jvm.dll
0x000007feec470000 - 0x000007feec479000 	C:\Windows\system32\WSOCK32.dll
0x000007fefd420000 - 0x000007fefd46d000 	C:\Windows\system32\WS2_32.dll
0x000007fefdef0000 - 0x000007fefdef8000 	C:\Windows\system32\NSI.dll
0x000007fefaa80000 - 0x000007fefaabb000 	C:\Windows\system32\WINMM.dll
0x000007fefc2b0000 - 0x000007fefc2bc000 	C:\Windows\system32\VERSION.dll
0x0000000077030000 - 0x0000000077037000 	C:\Windows\system32\PSAPI.DLL
0x0000000072930000 - 0x000000007293f000 	C:\Program Files\Java\jdk1.8.0_144\jre\bin\verify.dll
0x0000000071920000 - 0x0000000071949000 	C:\Program Files\Java\jdk1.8.0_144\jre\bin\java.dll
0x0000000072170000 - 0x0000000072186000 	C:\Program Files\Java\jdk1.8.0_144\jre\bin\zip.dll
0x000007fefe090000 - 0x000007fefee1a000 	C:\Windows\system32\SHELL32.dll
0x000007fefd980000 - 0x000007fefdb83000 	C:\Windows\system32\ole32.dll
0x000007fefcba0000 - 0x000007fefcbaf000 	C:\Windows\system32\profapi.dll
0x000007fefc9a0000 - 0x000007fefc9f7000 	C:\Windows\system32\apphelp.dll
0x0000000071d60000 - 0x0000000071d7a000 	C:\Program Files\Java\jdk1.8.0_144\jre\bin\net.dll
0x000007fefc340000 - 0x000007fefc395000 	C:\Windows\system32\mswsock.dll
0x000007fefc330000 - 0x000007fefc337000 	C:\Windows\System32\wship6.dll
0x0000000071810000 - 0x0000000071821000 	C:\Program Files\Java\jdk1.8.0_144\jre\bin\nio.dll
0x0000000071880000 - 0x00000000718a4000 	C:\Program Files\Java\jdk1.8.0_144\jre\bin\sunec.dll
0x000007fefb0b0000 - 0x000007fefb0d7000 	C:\Windows\system32\IPHLPAPI.DLL
0x000007fefb010000 - 0x000007fefb01b000 	C:\Windows\system32\WINNSI.DLL
0x000007fef8a60000 - 0x000007fef8a71000 	C:\Windows\system32\dhcpcsvc6.DLL
0x000007fef9be0000 - 0x000007fef9bf8000 	C:\Windows\system32\dhcpcsvc.DLL
0x000007fefc620000 - 0x000007fefc638000 	C:\Windows\system32\CRYPTSP.dll
0x000007fefc0c0000 - 0x000007fefc107000 	C:\Windows\system32\rsaenh.dll
0x000007fefcbd0000 - 0x000007fefcbee000 	C:\Windows\system32\USERENV.dll
0x000007fefca00000 - 0x000007fefca0f000 	C:\Windows\system32\CRYPTBASE.dll
0x000007fefabb0000 - 0x000007fefabb7000 	C:\Windows\System32\wshtcpip.dll
0x000007fefc1a0000 - 0x000007fefc1fb000 	C:\Windows\system32\DNSAPI.dll
0x000007fef8020000 - 0x000007fef8028000 	C:\Windows\system32\rasadhlp.dll
0x000007fef8ba0000 - 0x000007fef8bf3000 	C:\Windows\System32\fwpuclnt.dll

VM Arguments:
jvm_args: -Dclassworlds.conf=C:\Program Files\NetBeans 8.2\java\maven\bin\m2.conf -Dmaven.home=C:\Program Files\NetBeans 8.2\java\maven 
java_command: org.codehaus.plexus.classworlds.launcher.Launcher -Dnetbeans.deploy=true -Dmaven.ext.class.path=C:\Program Files\NetBeans 8.2\java\maven-nblib\netbeans-eventspy.jar -Dfile.encoding=UTF-8 package
java_class_path (initial): C:\Program Files\NetBeans 8.2\java\maven\boot\plexus-classworlds-2.4.jar
Launcher Type: SUN_STANDARD

Environment Variables:
JAVA_HOME=C:\Program Files\Java\jdk1.8.0_144
PATH=C:\oraclexe\app\oracle\product\11.2.0\server\bin;C:\ProgramData\Oracle\Java\javapath;c:\app\product\11.2.0\client_1\bin;D:\app\proyectos6\product\12.1.0\client_2;D:\app\proyectos6\product\11.2.0\client_1;C:\Ora92\bin;C:\Program Files (x86)\Oracle\jre\1.3.1\bin;C:\Program Files (x86)\Oracle\jre\1.1.8\bin;C:\Windows\system32;C:\Windows;C:\Windows\System32\Wbem;C:\Windows\System32\WindowsPowerShell\v1.0\;C:\Program Files (x86)\Hewlett-Packard\HP ProtectTools Security Manager\Bin\;C:\Program Files (x86)\Windows Kits\8.1\Windows Performance Toolkit\;C:\Program Files\Microsoft SQL Server\110\Tools\Binn\;D:\JAVA\APP\apache-maven-3.5.0-bin\apache-maven-3.5.0\bin
USERNAME=vdiaz
OS=Windows_NT
PROCESSOR_IDENTIFIER=Intel64 Family 6 Model 58 Stepping 9, GenuineIntel



---------------  S Y S T E M  ---------------

OS: Windows 7 , 64 bit Build 7601 (6.1.7601.23572)

CPU:total 8 (initial active 8) (4 cores per cpu, 2 threads per core) family 6 model 58 stepping 9, cmov, cx8, fxsr, mmx, sse, sse2, sse3, ssse3, sse4.1, sse4.2, popcnt, avx, aes, clmul, erms, ht, tsc, tscinvbit, tscinv

Memory: 4k page, physical 8259612k(1075748k free), swap 33036588k(4968k free)

vm_info: Java HotSpot(TM) 64-Bit Server VM (25.144-b01) for windows-amd64 JRE (1.8.0_144-b01), built on Jul 21 2017 21:57:33 by "java_re" with MS VC++ 10.0 (VS2010)

time: Sun Jan 28 08:36:03 2018
elapsed time: 3 seconds (0d 0h 0m 3s)

