#
# There is insufficient memory for the Java Runtime Environment to continue.
# Native memory allocation (malloc) failed to allocate 74672 bytes for Chunk::new
# Possible reasons:
#   The system is out of physical RAM or swap space
#   In 32 bit mode, the process size limit was hit
# Possible solutions:
#   Reduce memory load on the system
#   Increase physical memory or swap space
#   Check if swap backing store is full
#   Use 64 bit Java on a 64 bit OS
#   Decrease Java heap size (-Xmx/-Xms)
#   Decrease number of Java threads
#   Decrease Java thread stack sizes (-Xss)
#   Set larger code cache with -XX:ReservedCodeCacheSize=
# This output file may be truncated or incomplete.
#
#  Out of Memory Error (allocation.cpp:390), pid=32908, tid=0x0000000000007a00
#
# JRE version: Java(TM) SE Runtime Environment (8.0_144-b01) (build 1.8.0_144-b01)
# Java VM: Java HotSpot(TM) 64-Bit Server VM (25.144-b01 mixed mode windows-amd64 compressed oops)
# Failed to write core dump. Minidumps are not enabled by default on client versions of Windows
#

---------------  T H R E A D  ---------------

Current thread (0x0000000018c8f000):  JavaThread "C2 CompilerThread1" daemon [_thread_in_native, id=31232, stack(0x000000001a6d0000,0x000000001a7d0000)]

Stack: [0x000000001a6d0000,0x000000001a7d0000]
[error occurred during error reporting (printing stack bounds), id 0xc0000005]

Native frames: (J=compiled Java code, j=interpreted, Vv=VM code, C=native code)


Current CompileTask:
C2:   4015 2376       4       java.net.URLClassLoader$1::run (5 bytes)


---------------  P R O C E S S  ---------------

Java Threads: ( => current thread )
  0x000000001bc27000 JavaThread "pool-4-thread-1" [_thread_in_native, id=21564, stack(0x000000001d5e0000,0x000000001d6e0000)]
  0x000000001bb82800 JavaThread "pool-1-thread-3" [_thread_blocked, id=10968, stack(0x000000001cb90000,0x000000001cc90000)]
  0x000000001bb81800 JavaThread "pool-1-thread-2" [_thread_in_native, id=31524, stack(0x000000001c9c0000,0x000000001cac0000)]
  0x000000001bb81000 JavaThread "pool-1-thread-1" [_thread_in_native, id=9376, stack(0x000000001c8b0000,0x000000001c9b0000)]
  0x0000000018d01000 JavaThread "Service Thread" daemon [_thread_blocked, id=3248, stack(0x000000001ab70000,0x000000001ac70000)]
  0x0000000018cb9800 JavaThread "C1 CompilerThread3" daemon [_thread_in_vm, id=17760, stack(0x000000001a8a0000,0x000000001a9a0000)]
  0x0000000018c99000 JavaThread "C2 CompilerThread2" daemon [_thread_blocked, id=9308, stack(0x000000001a060000,0x000000001a160000)]
=>0x0000000018c8f000 JavaThread "C2 CompilerThread1" daemon [_thread_in_native, id=31232, stack(0x000000001a6d0000,0x000000001a7d0000)]
  0x0000000018c83800 JavaThread "C2 CompilerThread0" daemon [_thread_blocked, id=15312, stack(0x000000001a510000,0x000000001a610000)]
  0x0000000018c82000 JavaThread "Attach Listener" daemon [_thread_blocked, id=13776, stack(0x000000001a300000,0x000000001a400000)]
  0x0000000018c80800 JavaThread "Signal Dispatcher" daemon [_thread_blocked, id=8908, stack(0x000000001a180000,0x000000001a280000)]
  0x0000000017bd2800 JavaThread "Finalizer" daemon [_thread_blocked, id=29044, stack(0x0000000019ef0000,0x0000000019ff0000)]
  0x0000000017bca800 JavaThread "Reference Handler" daemon [_thread_blocked, id=21448, stack(0x0000000019da0000,0x0000000019ea0000)]
  0x000000000230f800 JavaThread "main" [_thread_blocked, id=21748, stack(0x0000000002350000,0x0000000002450000)]

Other Threads:
  0x0000000018c32800 VMThread [stack: 0x0000000019bf0000,0x0000000019cf0000] [id=15644]
  0x0000000018d06000 WatcherThread [stack: 0x000000001a9e0000,0x000000001aae0000] [id=24176]

VM state:not at safepoint (normal execution)

VM Mutex/Monitor currently owned by a thread:  ([mutex/lock_event])
[0x000000000230e540] Compile_lock - owner thread: 0x000000001bb81000

Heap:
 PSYoungGen      total 38400K, used 31818K [0x00000000d5f80000, 0x00000000d8a00000, 0x0000000100000000)
  eden space 33280K, 80% used [0x00000000d5f80000,0x00000000d7996bc0,0x00000000d8000000)
  from space 5120K, 99% used [0x00000000d8000000,0x00000000d84fc010,0x00000000d8500000)
  to   space 5120K, 0% used [0x00000000d8500000,0x00000000d8500000,0x00000000d8a00000)
 ParOldGen       total 87552K, used 3668K [0x0000000081e00000, 0x0000000087380000, 0x00000000d5f80000)
  object space 87552K, 4% used [0x0000000081e00000,0x00000000821952d8,0x0000000087380000)
 Metaspace       used 18533K, capacity 18888K, committed 19072K, reserved 1067008K
  class space    used 2254K, capacity 2379K, committed 2432K, reserved 1048576K

Card table byte_map: [0x0000000011bf0000,0x0000000011ff0000] byte_map_base: 0x00000000117e1000

Marking Bits: (ParMarkBitMap*) 0x00000000531fd850
 Begin Bits: [0x0000000012ed0000, 0x0000000014e58000)
 End Bits:   [0x0000000014e58000, 0x0000000016de0000)

Polling page: 0x0000000000230000

CodeCache: size=245760Kb used=8466Kb max_used=8466Kb free=237293Kb
 bounds [0x0000000002830000, 0x0000000003080000, 0x0000000011830000]
 total_blobs=2927 nmethods=2527 adapters=312
 compilation: enabled

Compilation events (10 events):
Event: 3.996 Thread 0x0000000018cb9800 2525       3       java.lang.CharacterDataLatin1::digit (91 bytes)
Event: 3.996 Thread 0x0000000018cb9800 nmethod 2525 0x0000000003070a90 code [0x0000000003070c00, 0x0000000003070f90]
Event: 3.996 Thread 0x0000000018cb9800 2526       3       java.lang.Character::digit (6 bytes)
Event: 3.996 Thread 0x0000000018cb9800 nmethod 2526 0x0000000003070550 code [0x00000000030706c0, 0x0000000003070958]
Event: 3.996 Thread 0x0000000018cb9800 2524       3       java.util.TreeMap::successor (66 bytes)
Event: 3.997 Thread 0x0000000018cb9800 nmethod 2524 0x0000000003076190 code [0x0000000003076320, 0x0000000003076690]
Event: 3.997 Thread 0x0000000018cb9800 2523       3       java.util.TreeMap$PrivateEntryIterator::nextEntry (54 bytes)
Event: 3.997 Thread 0x0000000018cb9800 nmethod 2523 0x0000000003076810 code [0x00000000030769a0, 0x0000000003076d28]
Event: 4.013 Thread 0x0000000018cb9800 2527       1       org.apache.maven.wagon.providers.http.httpclient.message.BufferedHeader::getName (5 bytes)
Event: 4.013 Thread 0x0000000018cb9800 nmethod 2527 0x0000000003070290 code [0x00000000030703e0, 0x00000000030704f0]

GC Heap History (6 events):
Event: 1.072 GC heap before
{Heap before GC invocations=1 (full 0):
 PSYoungGen      total 38400K, used 33280K [0x00000000d5f80000, 0x00000000d8a00000, 0x0000000100000000)
  eden space 33280K, 100% used [0x00000000d5f80000,0x00000000d8000000,0x00000000d8000000)
  from space 5120K, 0% used [0x00000000d8500000,0x00000000d8500000,0x00000000d8a00000)
  to   space 5120K, 0% used [0x00000000d8000000,0x00000000d8000000,0x00000000d8500000)
 ParOldGen       total 87552K, used 0K [0x0000000081e00000, 0x0000000087380000, 0x00000000d5f80000)
  object space 87552K, 0% used [0x0000000081e00000,0x0000000081e00000,0x0000000087380000)
 Metaspace       used 8074K, capacity 8308K, committed 8576K, reserved 1056768K
  class space    used 1029K, capacity 1086K, committed 1152K, reserved 1048576K
Event: 1.076 GC heap after
Heap after GC invocations=1 (full 0):
 PSYoungGen      total 38400K, used 5022K [0x00000000d5f80000, 0x00000000d8a00000, 0x0000000100000000)
  eden space 33280K, 0% used [0x00000000d5f80000,0x00000000d5f80000,0x00000000d8000000)
  from space 5120K, 98% used [0x00000000d8000000,0x00000000d84e7908,0x00000000d8500000)
  to   space 5120K, 0% used [0x00000000d8500000,0x00000000d8500000,0x00000000d8a00000)
 ParOldGen       total 87552K, used 16K [0x0000000081e00000, 0x0000000087380000, 0x00000000d5f80000)
  object space 87552K, 0% used [0x0000000081e00000,0x0000000081e04000,0x0000000087380000)
 Metaspace       used 8074K, capacity 8308K, committed 8576K, reserved 1056768K
  class space    used 1029K, capacity 1086K, committed 1152K, reserved 1048576K
}
Event: 1.746 GC heap before
{Heap before GC invocations=2 (full 0):
 PSYoungGen      total 38400K, used 38302K [0x00000000d5f80000, 0x00000000d8a00000, 0x0000000100000000)
  eden space 33280K, 100% used [0x00000000d5f80000,0x00000000d8000000,0x00000000d8000000)
  from space 5120K, 98% used [0x00000000d8000000,0x00000000d84e7908,0x00000000d8500000)
  to   space 5120K, 0% used [0x00000000d8500000,0x00000000d8500000,0x00000000d8a00000)
 ParOldGen       total 87552K, used 16K [0x0000000081e00000, 0x0000000087380000, 0x00000000d5f80000)
  object space 87552K, 0% used [0x0000000081e00000,0x0000000081e04000,0x0000000087380000)
 Metaspace       used 12247K, capacity 12550K, committed 12928K, reserved 1060864K
  class space    used 1506K, capacity 1581K, committed 1664K, reserved 1048576K
Event: 1.752 GC heap after
Heap after GC invocations=2 (full 0):
 PSYoungGen      total 38400K, used 5099K [0x00000000d5f80000, 0x00000000d8a00000, 0x0000000100000000)
  eden space 33280K, 0% used [0x00000000d5f80000,0x00000000d5f80000,0x00000000d8000000)
  from space 5120K, 99% used [0x00000000d8500000,0x00000000d89faf10,0x00000000d8a00000)
  to   space 5120K, 0% used [0x00000000d8000000,0x00000000d8000000,0x00000000d8500000)
 ParOldGen       total 87552K, used 2224K [0x0000000081e00000, 0x0000000087380000, 0x00000000d5f80000)
  object space 87552K, 2% used [0x0000000081e00000,0x000000008202c2e0,0x0000000087380000)
 Metaspace       used 12247K, capacity 12550K, committed 12928K, reserved 1060864K
  class space    used 1506K, capacity 1581K, committed 1664K, reserved 1048576K
}
Event: 3.232 GC heap before
{Heap before GC invocations=3 (full 0):
 PSYoungGen      total 38400K, used 38379K [0x00000000d5f80000, 0x00000000d8a00000, 0x0000000100000000)
  eden space 33280K, 100% used [0x00000000d5f80000,0x00000000d8000000,0x00000000d8000000)
  from space 5120K, 99% used [0x00000000d8500000,0x00000000d89faf10,0x00000000d8a00000)
  to   space 5120K, 0% used [0x00000000d8000000,0x00000000d8000000,0x00000000d8500000)
 ParOldGen       total 87552K, used 2224K [0x0000000081e00000, 0x0000000087380000, 0x00000000d5f80000)
  object space 87552K, 2% used [0x0000000081e00000,0x000000008202c2e0,0x0000000087380000)
 Metaspace       used 15319K, capacity 15670K, committed 15872K, reserved 1062912K
  class space    used 1839K, capacity 1964K, committed 2048K, reserved 1048576K
Event: 3.239 GC heap after
Heap after GC invocations=3 (full 0):
 PSYoungGen      total 38400K, used 5104K [0x00000000d5f80000, 0x00000000d8a00000, 0x0000000100000000)
  eden space 33280K, 0% used [0x00000000d5f80000,0x00000000d5f80000,0x00000000d8000000)
  from space 5120K, 99% used [0x00000000d8000000,0x00000000d84fc010,0x00000000d8500000)
  to   space 5120K, 0% used [0x00000000d8500000,0x00000000d8500000,0x00000000d8a00000)
 ParOldGen       total 87552K, used 3668K [0x0000000081e00000, 0x0000000087380000, 0x00000000d5f80000)
  object space 87552K, 4% used [0x0000000081e00000,0x00000000821952d8,0x0000000087380000)
 Metaspace       used 15319K, capacity 15670K, committed 15872K, reserved 1062912K
  class space    used 1839K, capacity 1964K, committed 2048K, reserved 1048576K
}

Deoptimization events (10 events):
Event: 3.483 Thread 0x000000001bc27000 Uncommon trap: reason=class_check action=maybe_recompile pc=0x0000000002e34c10 method=java.util.AbstractList$Itr.hasNext()Z @ 8
Event: 3.483 Thread 0x000000001bc27000 Uncommon trap: reason=class_check action=maybe_recompile pc=0x0000000002e31744 method=java.util.AbstractList$Itr.next()Ljava/lang/Object; @ 14
Event: 3.521 Thread 0x000000001bc08000 Uncommon trap: reason=predicate action=maybe_recompile pc=0x0000000002b589f0 method=sun.net.www.ParseUtil.encodePath(Ljava/lang/String;Z)Ljava/lang/String; @ 36
Event: 3.521 Thread 0x000000001bc27000 Uncommon trap: reason=predicate action=maybe_recompile pc=0x0000000002b589f0 method=sun.net.www.ParseUtil.encodePath(Ljava/lang/String;Z)Ljava/lang/String; @ 36
Event: 3.521 Thread 0x000000001b843800 Uncommon trap: reason=predicate action=maybe_recompile pc=0x0000000002b589f0 method=sun.net.www.ParseUtil.encodePath(Ljava/lang/String;Z)Ljava/lang/String; @ 36
Event: 3.798 Thread 0x000000001bc27000 Uncommon trap: reason=unstable_if action=reinterpret pc=0x0000000002fc7504 method=java.util.Arrays.equals([B[B)Z @ 41
Event: 3.994 Thread 0x000000001b843800 Uncommon trap: reason=unstable_if action=reinterpret pc=0x0000000002d4ae7c method=java.util.ArrayList.remove(I)Ljava/lang/Object; @ 31
Event: 3.994 Thread 0x000000001bc08000 Uncommon trap: reason=unstable_if action=reinterpret pc=0x0000000002d4ae7c method=java.util.ArrayList.remove(I)Ljava/lang/Object; @ 31
Event: 3.995 Thread 0x000000001b843800 Uncommon trap: reason=unstable_if action=reinterpret pc=0x0000000002efe5ac method=java.lang.CharacterDataLatin1.digit(II)I @ 60
Event: 3.995 Thread 0x000000001b843800 Uncommon trap: reason=unstable_if action=reinterpret pc=0x0000000002efeae4 method=java.lang.CharacterDataLatin1.digit(II)I @ 60

Internal exceptions (10 events):
Event: 1.034 Thread 0x000000000230f800 Exception <a 'java/lang/NoClassDefFoundError': org/slf4j/Logger> (0x00000000d7d6a568) thrown at [C:\re\workspace\8-2-build-windows-amd64-cygwin\jdk8u144\9417\hotspot\src\share\vm\classfile\systemDictionary.cpp, line 199]
Event: 1.079 Thread 0x000000000230f800 Exception <a 'java/lang/NoClassDefFoundError': org/slf4j/LoggerFactory> (0x00000000d5fa6380) thrown at [C:\re\workspace\8-2-build-windows-amd64-cygwin\jdk8u144\9417\hotspot\src\share\vm\classfile\systemDictionary.cpp, line 199]
Event: 1.079 Thread 0x000000000230f800 Exception <a 'java/lang/NoClassDefFoundError'> (0x00000000d5fa6380) thrown at [C:\re\workspace\8-2-build-windows-amd64-cygwin\jdk8u144\9417\hotspot\src\share\vm\oops\instanceKlass.cpp, line 964]
Event: 1.272 Thread 0x000000000230f800 Implicit null exception at 0x0000000002a0751b to 0x0000000002a076cd
Event: 1.600 Thread 0x000000000230f800 Implicit null exception at 0x0000000002c16dd5 to 0x0000000002c16fad
Event: 1.600 Thread 0x000000000230f800 Implicit null exception at 0x0000000002b1d4af to 0x0000000002b1d519
Event: 1.680 Thread 0x000000000230f800 Implicit null exception at 0x0000000002d0eb9d to 0x0000000002d0fd49
Event: 3.030 Thread 0x000000001bb81000 Exception <a 'java/lang/NoClassDefFoundError': org/apache/log4j/Category> (0x00000000d7cfe348) thrown at [C:\re\workspace\8-2-build-windows-amd64-cygwin\jdk8u144\9417\hotspot\src\share\vm\classfile\systemDictionary.cpp, line 199]
Event: 3.248 Thread 0x000000001bb81000 Exception <a 'java/lang/NoSuchFieldError': method resolution failed> (0x00000000d6015a08) thrown at [C:\re\workspace\8-2-build-windows-amd64-cygwin\jdk8u144\9417\hotspot\src\share\vm\prims\methodHandles.cpp, line 1146]
Event: 3.249 Thread 0x000000001bb81000 Exception <a 'java/lang/NoSuchFieldError': method resolution failed> (0x00000000d6023e98) thrown at [C:\re\workspace\8-2-build-windows-amd64-cygwin\jdk8u144\9417\hotspot\src\share\vm\prims\methodHandles.cpp, line 1146]

Events (10 events):
Event: 3.996 loading class java/util/TreeMap$EntryIterator
Event: 3.996 loading class java/util/TreeMap$EntryIterator done
Event: 3.996 loading class org/apache/maven/wagon/providers/http/httpclient/client/entity/GzipDecompressingEntity
Event: 3.996 loading class org/apache/maven/wagon/providers/http/httpclient/client/entity/GzipDecompressingEntity done
Event: 3.997 loading class org/apache/maven/wagon/providers/http/httpclient/client/entity/DecompressingEntity
Event: 3.997 loading class org/apache/maven/wagon/providers/http/httpclient/client/entity/DecompressingEntity done
Event: 3.997 loading class org/apache/maven/wagon/providers/http/httpclient/client/entity/LazyDecompressingInputStream
Event: 3.997 loading class org/apache/maven/wagon/providers/http/httpclient/client/entity/LazyDecompressingInputStream done
Event: 3.998 loading class java/util/zip/GZIPInputStream
Event: 4.013 loading class java/util/zip/GZIPInputStream done


Dynamic libraries:
0x000000013f0a0000 - 0x000000013f0d7000 	C:\Program Files\Java\jdk1.8.0_144\bin\java.exe
0x0000000076e70000 - 0x000000007701a000 	C:\Windows\SYSTEM32\ntdll.dll
0x0000000076d50000 - 0x0000000076e6f000 	C:\Windows\system32\kernel32.dll
0x000007fefccc0000 - 0x000007fefcd2a000 	C:\Windows\system32\KERNELBASE.dll
0x000007fefd7c0000 - 0x000007fefd89b000 	C:\Windows\system32\ADVAPI32.dll
0x000007fefd6f0000 - 0x000007fefd78f000 	C:\Windows\system32\msvcrt.dll
0x000007fefd6b0000 - 0x000007fefd6cf000 	C:\Windows\SYSTEM32\sechost.dll
0x000007fefd4e0000 - 0x000007fefd60d000 	C:\Windows\system32\RPCRT4.dll
0x0000000076c50000 - 0x0000000076d4a000 	C:\Windows\system32\USER32.dll
0x000007fefdb90000 - 0x000007fefdbf7000 	C:\Windows\system32\GDI32.dll
0x000007fefd4d0000 - 0x000007fefd4de000 	C:\Windows\system32\LPK.dll
0x000007fefcfe0000 - 0x000007fefd0aa000 	C:\Windows\system32\USP10.dll
0x000007fefa660000 - 0x000007fefa854000 	C:\Windows\WinSxS\amd64_microsoft.windows.common-controls_6595b64144ccf1df_6.0.7601.18837_none_fa3b1e3d17594757\COMCTL32.dll
0x000007feff100000 - 0x000007feff171000 	C:\Windows\system32\SHLWAPI.dll
0x000007fefd790000 - 0x000007fefd7be000 	C:\Windows\system32\IMM32.DLL
0x000007fefdde0000 - 0x000007fefdee9000 	C:\Windows\system32\MSCTF.dll
0x0000000072060000 - 0x0000000072132000 	C:\Program Files\Java\jdk1.8.0_144\jre\bin\msvcr100.dll
0x00000000529e0000 - 0x000000005327d000 	C:\Program Files\Java\jdk1.8.0_144\jre\bin\server\jvm.dll
0x000007feec470000 - 0x000007feec479000 	C:\Windows\system32\WSOCK32.dll
0x000007fefd420000 - 0x000007fefd46d000 	C:\Windows\system32\WS2_32.dll
0x000007fefdef0000 - 0x000007fefdef8000 	C:\Windows\system32\NSI.dll
0x000007fefaa80000 - 0x000007fefaabb000 	C:\Windows\system32\WINMM.dll
0x000007fefc2b0000 - 0x000007fefc2bc000 	C:\Windows\system32\VERSION.dll
0x0000000077030000 - 0x0000000077037000 	C:\Windows\system32\PSAPI.DLL
0x0000000072930000 - 0x000000007293f000 	C:\Program Files\Java\jdk1.8.0_144\jre\bin\verify.dll
0x0000000071920000 - 0x0000000071949000 	C:\Program Files\Java\jdk1.8.0_144\jre\bin\java.dll
0x0000000072170000 - 0x0000000072186000 	C:\Program Files\Java\jdk1.8.0_144\jre\bin\zip.dll
0x000007fefe090000 - 0x000007fefee1a000 	C:\Windows\system32\SHELL32.dll
0x000007fefd980000 - 0x000007fefdb83000 	C:\Windows\system32\ole32.dll
0x000007fefcba0000 - 0x000007fefcbaf000 	C:\Windows\system32\profapi.dll
0x000007fefc9a0000 - 0x000007fefc9f7000 	C:\Windows\system32\apphelp.dll
0x0000000071d60000 - 0x0000000071d7a000 	C:\Program Files\Java\jdk1.8.0_144\jre\bin\net.dll
0x000007fefc340000 - 0x000007fefc395000 	C:\Windows\system32\mswsock.dll
0x000007fefc330000 - 0x000007fefc337000 	C:\Windows\System32\wship6.dll
0x0000000071810000 - 0x0000000071821000 	C:\Program Files\Java\jdk1.8.0_144\jre\bin\nio.dll
0x0000000071880000 - 0x00000000718a4000 	C:\Program Files\Java\jdk1.8.0_144\jre\bin\sunec.dll
0x000007fefb0b0000 - 0x000007fefb0d7000 	C:\Windows\system32\IPHLPAPI.DLL
0x000007fefb010000 - 0x000007fefb01b000 	C:\Windows\system32\WINNSI.DLL
0x000007fef8a60000 - 0x000007fef8a71000 	C:\Windows\system32\dhcpcsvc6.DLL
0x000007fef9be0000 - 0x000007fef9bf8000 	C:\Windows\system32\dhcpcsvc.DLL
0x000007fefc620000 - 0x000007fefc638000 	C:\Windows\system32\CRYPTSP.dll
0x000007fefc0c0000 - 0x000007fefc107000 	C:\Windows\system32\rsaenh.dll
0x000007fefcbd0000 - 0x000007fefcbee000 	C:\Windows\system32\USERENV.dll
0x000007fefca00000 - 0x000007fefca0f000 	C:\Windows\system32\CRYPTBASE.dll
0x000007fefabb0000 - 0x000007fefabb7000 	C:\Windows\System32\wshtcpip.dll
0x000007fefc1a0000 - 0x000007fefc1fb000 	C:\Windows\system32\DNSAPI.dll
0x000007fef8020000 - 0x000007fef8028000 	C:\Windows\system32\rasadhlp.dll
0x000007fef8ba0000 - 0x000007fef8bf3000 	C:\Windows\System32\fwpuclnt.dll
0x0000000072670000 - 0x000000007267b000 	C:\Program Files\Java\jdk1.8.0_144\jre\bin\sunmscapi.dll
0x000007fefcdc0000 - 0x000007fefcf2d000 	C:\Windows\system32\CRYPT32.dll
0x000007fefcbb0000 - 0x000007fefcbbf000 	C:\Windows\system32\MSASN1.dll

VM Arguments:
jvm_args: -Dclassworlds.conf=C:\Program Files\NetBeans 8.2\java\maven\bin\m2.conf -Dmaven.home=C:\Program Files\NetBeans 8.2\java\maven 
java_command: org.codehaus.plexus.classworlds.launcher.Launcher -Dnetbeans.deploy=true -Dnetbeans.deploy.clientUrlPart= -Dmaven.ext.class.path=C:\Program Files\NetBeans 8.2\java\maven-nblib\netbeans-eventspy.jar -Dfile.encoding=UTF-8 package
java_class_path (initial): C:\Program Files\NetBeans 8.2\java\maven\boot\plexus-classworlds-2.4.jar
Launcher Type: SUN_STANDARD

Environment Variables:
JAVA_HOME=C:\Program Files\Java\jdk1.8.0_144
PATH=C:\oraclexe\app\oracle\product\11.2.0\server\bin;C:\ProgramData\Oracle\Java\javapath;c:\app\product\11.2.0\client_1\bin;D:\app\proyectos6\product\12.1.0\client_2;D:\app\proyectos6\product\11.2.0\client_1;C:\Ora92\bin;C:\Program Files (x86)\Oracle\jre\1.3.1\bin;C:\Program Files (x86)\Oracle\jre\1.1.8\bin;C:\Windows\system32;C:\Windows;C:\Windows\System32\Wbem;C:\Windows\System32\WindowsPowerShell\v1.0\;C:\Program Files (x86)\Hewlett-Packard\HP ProtectTools Security Manager\Bin\;C:\Program Files (x86)\Windows Kits\8.1\Windows Performance Toolkit\;C:\Program Files\Microsoft SQL Server\110\Tools\Binn\;D:\JAVA\APP\apache-maven-3.5.0-bin\apache-maven-3.5.0\bin
USERNAME=vdiaz
OS=Windows_NT
PROCESSOR_IDENTIFIER=Intel64 Family 6 Model 58 Stepping 9, GenuineIntel



---------------  S Y S T E M  ---------------

OS: Windows 7 , 64 bit Build 7601 (6.1.7601.23572)

CPU:total 8 (initial active 8) (4 cores per cpu, 2 threads per core) family 6 model 58 stepping 9, cmov, cx8, fxsr, mmx, sse, sse2, sse3, ssse3, sse4.1, sse4.2, popcnt, avx, aes, clmul, erms, ht, tsc, tscinvbit, tscinv

Memory: 4k page, physical 8259612k(1020940k free), swap 33036588k(5056k free)

vm_info: Java HotSpot(TM) 64-Bit Server VM (25.144-b01) for windows-amd64 JRE (1.8.0_144-b01), built on Jul 21 2017 21:57:33 by "java_re" with MS VC++ 10.0 (VS2010)

time: Sun Jan 28 08:50:24 2018
elapsed time: 4 seconds (0d 0h 0m 4s)

